<?xml version="1.0" encoding="UTF-8"?>
<testsuite name="com.juansola.parcial.ParcialApplicationTests" tests="1" skipped="0" failures="0" errors="0" timestamp="2023-10-18T22:29:33" hostname="DESKTOP-4Q0JSJH" time="0.499">
  <properties/>
  <testcase name="contextLoads()" classname="com.juansola.parcial.ParcialApplicationTests" time="0.499"/>
  <system-out><![CDATA[19:29:28.026 [Test worker] INFO org.springframework.test.context.support.AnnotationConfigContextLoaderUtils -- Could not detect default configuration classes for test class [com.juansola.parcial.ParcialApplicationTests]: ParcialApplicationTests does not declare any static, non-private, non-final, nested classes annotated with @Configuration.
19:29:28.128 [Test worker] INFO org.springframework.boot.test.context.SpringBootTestContextBootstrapper -- Found @SpringBootConfiguration com.juansola.parcial.ParcialApplication for test class com.juansola.parcial.ParcialApplicationTests

  .   ____          _            __ _ _
 /\\ / ___'_ __ _ _(_)_ __  __ _ \ \ \ \
( ( )\___ | '_ | '_| | '_ \/ _` | \ \ \ \
 \\/  ___)| |_)| | | | | || (_| |  ) ) ) )
  '  |____| .__|_| |_|_| |_\__, | / / / /
 =========|_|==============|___/=/_/_/_/
 :: Spring Boot ::                (v3.1.4)

2023-10-18T19:29:28.528-03:00  INFO 18764 --- [    Test worker] c.j.parcial.ParcialApplicationTests      : Starting ParcialApplicationTests using Java 17.0.9 with PID 18764 (started by El Juani in D:\FACULTEISHOOON 2.0\Ingeniereishon en softwareishon\parcial1-main\parcial1-main)
2023-10-18T19:29:28.529-03:00  INFO 18764 --- [    Test worker] c.j.parcial.ParcialApplicationTests      : No active profile set, falling back to 1 default profile: "default"
2023-10-18T19:29:29.162-03:00  INFO 18764 --- [    Test worker] .s.d.r.c.RepositoryConfigurationDelegate : Bootstrapping Spring Data JPA repositories in DEFAULT mode.
2023-10-18T19:29:29.238-03:00  INFO 18764 --- [    Test worker] .s.d.r.c.RepositoryConfigurationDelegate : Finished Spring Data repository scanning in 67 ms. Found 3 JPA repository interfaces.
2023-10-18T19:29:29.701-03:00  INFO 18764 --- [    Test worker] com.zaxxer.hikari.HikariDataSource       : HikariPool-1 - Starting...
2023-10-18T19:29:29.915-03:00  INFO 18764 --- [    Test worker] com.zaxxer.hikari.pool.HikariPool        : HikariPool-1 - Added connection conn0: url=jdbc:h2:mem:./database user=SA
2023-10-18T19:29:29.916-03:00  INFO 18764 --- [    Test worker] com.zaxxer.hikari.HikariDataSource       : HikariPool-1 - Start completed.
2023-10-18T19:29:29.961-03:00  INFO 18764 --- [    Test worker] o.hibernate.jpa.internal.util.LogHelper  : HHH000204: Processing PersistenceUnitInfo [name: default]
2023-10-18T19:29:30.034-03:00  INFO 18764 --- [    Test worker] org.hibernate.Version                    : HHH000412: Hibernate ORM core version 6.2.9.Final
2023-10-18T19:29:30.037-03:00  INFO 18764 --- [    Test worker] org.hibernate.cfg.Environment            : HHH000406: Using bytecode reflection optimizer
2023-10-18T19:29:30.195-03:00  INFO 18764 --- [    Test worker] o.h.e.boot.internal.EnversServiceImpl    : Envers integration enabled? : true
2023-10-18T19:29:30.220-03:00  INFO 18764 --- [    Test worker] o.h.b.i.BytecodeProviderInitiator        : HHH000021: Bytecode provider name : bytebuddy
2023-10-18T19:29:30.373-03:00  INFO 18764 --- [    Test worker] o.s.o.j.p.SpringPersistenceUnitInfo      : No LoadTimeWeaver setup: ignoring JPA class transformer
2023-10-18T19:29:30.706-03:00  INFO 18764 --- [    Test worker] o.h.b.i.BytecodeProviderInitiator        : HHH000021: Bytecode provider name : bytebuddy
2023-10-18T19:29:31.365-03:00  INFO 18764 --- [    Test worker] o.h.e.t.j.p.i.JtaPlatformInitiator       : HHH000490: Using JtaPlatform implementation: [org.hibernate.engine.transaction.jta.platform.internal.NoJtaPlatform]
Hibernate: drop table if exists autor cascade 
Hibernate: drop table if exists domicilio cascade 
Hibernate: drop table if exists libro cascade 
Hibernate: drop table if exists libro_autores cascade 
Hibernate: drop table if exists localidad cascade 
Hibernate: drop table if exists persona cascade 
Hibernate: drop table if exists persona_libro cascade 
Hibernate: create table autor (id bigint generated by default as identity, biografia varchar(1500), apellido varchar(255), nombre varchar(255), primary key (id))
Hibernate: create table domicilio (numero integer not null, fk_localidad bigint not null, id bigint generated by default as identity, calle varchar(255), primary key (id))
Hibernate: create table libro (fecha integer not null, paginas integer not null, id bigint generated by default as identity, genero varchar(255), titulo varchar(255), primary key (id))
Hibernate: create table libro_autores (autores_id bigint not null, libro_id bigint not null)
Hibernate: create table localidad (id bigint generated by default as identity, denominacion varchar(255), primary key (id))
Hibernate: create table persona (dni integer not null, fk_domicilio bigint unique, id bigint generated by default as identity, apellido varchar(255), nombre varchar(255), primary key (id))
Hibernate: create table persona_libro (libro_id bigint not null unique, persona_id bigint not null)
Hibernate: alter table if exists domicilio add constraint FKsq48s35e5o185ajo3mloiqxjk foreign key (fk_localidad) references localidad
Hibernate: alter table if exists libro_autores add constraint FK4n6u17jdtrjai8yitxsmm7tly foreign key (autores_id) references autor
Hibernate: alter table if exists libro_autores add constraint FKsoheqe18ertlksjno9y33x0am foreign key (libro_id) references libro
Hibernate: alter table if exists persona add constraint FKdvcd83wmvj0mwmbu3kyoisobn foreign key (fk_domicilio) references domicilio
Hibernate: alter table if exists persona_libro add constraint FK6oar3k71e0huyyjlxd0a8qnct foreign key (libro_id) references libro
Hibernate: alter table if exists persona_libro add constraint FKd8c57cn01g1qhcax4yanhi2o4 foreign key (persona_id) references persona
2023-10-18T19:29:31.423-03:00  INFO 18764 --- [    Test worker] j.LocalContainerEntityManagerFactoryBean : Initialized JPA EntityManagerFactory for persistence unit 'default'
2023-10-18T19:29:31.794-03:00  INFO 18764 --- [    Test worker] o.s.d.j.r.query.QueryEnhancerFactory     : Hibernate is in classpath; If applicable, HQL parser will be used.
2023-10-18T19:29:32.366-03:00  WARN 18764 --- [    Test worker] JpaBaseConfiguration$JpaWebConfiguration : spring.jpa.open-in-view is enabled by default. Therefore, database queries may be performed during view rendering. Explicitly configure spring.jpa.open-in-view to disable this warning
2023-10-18T19:29:32.973-03:00  INFO 18764 --- [    Test worker] o.s.b.a.h2.H2ConsoleAutoConfiguration    : H2 console available at '/h2-console'. Database available at 'jdbc:h2:mem:./database'
2023-10-18T19:29:33.023-03:00  INFO 18764 --- [    Test worker] c.j.parcial.ParcialApplicationTests      : Started ParcialApplicationTests in 4.721 seconds (process running for 5.779)
]]></system-out>
  <system-err><![CDATA[]]></system-err>
</testsuite>
